0 info it worked if it ends with ok
1 verbose cli [ '/usr/local/bin/node',
1 verbose cli   '/usr/local/bin/npm',
1 verbose cli   'run',
1 verbose cli   'protractor' ]
2 info using npm@2.11.3
3 info using node@v0.12.7
4 verbose run-script [ 'preprotractor', 'protractor', 'postprotractor' ]
5 info preprotractor parapp@0.0.1
6 verbose unsafe-perm in lifecycle true
7 info protractor parapp@0.0.1
8 verbose unsafe-perm in lifecycle true
9 info parapp@0.0.1 Failed to exec protractor script
10 verbose stack Error: parapp@0.0.1 protractor: `protractor test/e2e-tests/protractor.conf.js`
10 verbose stack Exit status 1
10 verbose stack     at EventEmitter.<anonymous> (/usr/local/lib/node_modules/npm/lib/utils/lifecycle.js:213:16)
10 verbose stack     at EventEmitter.emit (events.js:110:17)
10 verbose stack     at ChildProcess.<anonymous> (/usr/local/lib/node_modules/npm/lib/utils/spawn.js:24:14)
10 verbose stack     at ChildProcess.emit (events.js:110:17)
10 verbose stack     at maybeClose (child_process.js:1015:16)
10 verbose stack     at Process.ChildProcess._handle.onexit (child_process.js:1087:5)
11 verbose pkgid parapp@0.0.1
12 verbose cwd /home/pietro/projects/webapp/angularClient
13 error Linux 3.19.0-26-generic
14 error argv "/usr/local/bin/node" "/usr/local/bin/npm" "run" "protractor"
15 error node v0.12.7
16 error npm  v2.11.3
17 error code ELIFECYCLE
18 error parapp@0.0.1 protractor: `protractor test/e2e-tests/protractor.conf.js`
18 error Exit status 1
19 error Failed at the parapp@0.0.1 protractor script 'protractor test/e2e-tests/protractor.conf.js'.
19 error This is most likely a problem with the parapp package,
19 error not with npm itself.
19 error Tell the author that this fails on your system:
19 error     protractor test/e2e-tests/protractor.conf.js
19 error You can get their info via:
19 error     npm owner ls parapp
19 error There is likely additional logging output above.
20 verbose exit [ 1, true ]
